Determining if the pthread_create exist failed with the following output:
Change Dir: /home/siasunhebo/workspace/IMUtest/cmake-build-debug/CMakeFiles/CMakeTmp

Run Build Command(s):/usr/bin/make cmTC_1812a/fast 
make[1]: Entering directory `/home/siasunhebo/workspace/IMUtest/cmake-build-debug/CMakeFiles/CMakeTmp'
/usr/bin/make -f CMakeFiles/cmTC_1812a.dir/build.make CMakeFiles/cmTC_1812a.dir/build
make[2]: Entering directory `/home/siasunhebo/workspace/IMUtest/cmake-build-debug/CMakeFiles/CMakeTmp'
Building C object CMakeFiles/cmTC_1812a.dir/CheckSymbolExists.c.o
/opt/poky/1.7/sysroots/x86_64-pokysdk-linux/usr/bin/arm-poky-linux-gnueabi/arm-poky-linux-gnueabi-gcc   -march=armv7-a -mthumb-interwork -mfloat-abi=hard -mfpu=neon -mtune=cortex-a9 --sysroot=/opt/poky/1.7/sysroots/cortexa9hf-vfp-neon-poky-linux-gnueabi   -O2 -pipe -g -feliminate-unused-debug-types    -std=gnu99 -o CMakeFiles/cmTC_1812a.dir/CheckSymbolExists.c.o   -c /home/siasunhebo/workspace/IMUtest/cmake-build-debug/CMakeFiles/CMakeTmp/CheckSymbolExists.c
Linking C executable cmTC_1812a
/home/siasunhebo/clion-2019.1.4/bin/cmake/linux/bin/cmake -E cmake_link_script CMakeFiles/cmTC_1812a.dir/link.txt --verbose=1
/opt/poky/1.7/sysroots/x86_64-pokysdk-linux/usr/bin/arm-poky-linux-gnueabi/arm-poky-linux-gnueabi-gcc   -march=armv7-a -mthumb-interwork -mfloat-abi=hard -mfpu=neon -mtune=cortex-a9 --sysroot=/opt/poky/1.7/sysroots/cortexa9hf-vfp-neon-poky-linux-gnueabi -O2 -pipe -g -feliminate-unused-debug-types   -Wl,-O1 -Wl,--hash-style=gnu -Wl,--as-needed  CMakeFiles/cmTC_1812a.dir/CheckSymbolExists.c.o  -o cmTC_1812a 
CMakeFiles/cmTC_1812a.dir/CheckSymbolExists.c.o: In function `main':
/home/siasunhebo/workspace/IMUtest/cmake-build-debug/CMakeFiles/CMakeTmp/CheckSymbolExists.c:8: undefined reference to `pthread_create'
/home/siasunhebo/workspace/IMUtest/cmake-build-debug/CMakeFiles/CMakeTmp/CheckSymbolExists.c:8: undefined reference to `pthread_create'
collect2: error: ld returned 1 exit status
make[2]: *** [cmTC_1812a] Error 1
make[2]: Leaving directory `/home/siasunhebo/workspace/IMUtest/cmake-build-debug/CMakeFiles/CMakeTmp'
make[1]: *** [cmTC_1812a/fast] Error 2
make[1]: Leaving directory `/home/siasunhebo/workspace/IMUtest/cmake-build-debug/CMakeFiles/CMakeTmp'

File /home/siasunhebo/workspace/IMUtest/cmake-build-debug/CMakeFiles/CMakeTmp/CheckSymbolExists.c:
/* */
#include <pthread.h>

int main(int argc, char** argv)
{
  (void)argv;
#ifndef pthread_create
  return ((int*)(&pthread_create))[argc];
#else
  (void)argc;
  return 0;
#endif
}

Determining if the function pthread_create exists in the pthreads failed with the following output:
Change Dir: /home/siasunhebo/workspace/IMUtest/cmake-build-debug/CMakeFiles/CMakeTmp

Run Build Command(s):/usr/bin/make cmTC_6f010/fast 
make[1]: Entering directory `/home/siasunhebo/workspace/IMUtest/cmake-build-debug/CMakeFiles/CMakeTmp'
/usr/bin/make -f CMakeFiles/cmTC_6f010.dir/build.make CMakeFiles/cmTC_6f010.dir/build
make[2]: Entering directory `/home/siasunhebo/workspace/IMUtest/cmake-build-debug/CMakeFiles/CMakeTmp'
Building C object CMakeFiles/cmTC_6f010.dir/CheckFunctionExists.c.o
/opt/poky/1.7/sysroots/x86_64-pokysdk-linux/usr/bin/arm-poky-linux-gnueabi/arm-poky-linux-gnueabi-gcc   -march=armv7-a -mthumb-interwork -mfloat-abi=hard -mfpu=neon -mtune=cortex-a9 --sysroot=/opt/poky/1.7/sysroots/cortexa9hf-vfp-neon-poky-linux-gnueabi   -O2 -pipe -g -feliminate-unused-debug-types -DCHECK_FUNCTION_EXISTS=pthread_create   -std=gnu99 -o CMakeFiles/cmTC_6f010.dir/CheckFunctionExists.c.o   -c /home/siasunhebo/clion-2019.1.4/bin/cmake/linux/share/cmake-3.14/Modules/CheckFunctionExists.c
Linking C executable cmTC_6f010
/home/siasunhebo/clion-2019.1.4/bin/cmake/linux/bin/cmake -E cmake_link_script CMakeFiles/cmTC_6f010.dir/link.txt --verbose=1
/opt/poky/1.7/sysroots/x86_64-pokysdk-linux/usr/bin/arm-poky-linux-gnueabi/arm-poky-linux-gnueabi-gcc   -march=armv7-a -mthumb-interwork -mfloat-abi=hard -mfpu=neon -mtune=cortex-a9 --sysroot=/opt/poky/1.7/sysroots/cortexa9hf-vfp-neon-poky-linux-gnueabi -O2 -pipe -g -feliminate-unused-debug-types -DCHECK_FUNCTION_EXISTS=pthread_create  -Wl,-O1 -Wl,--hash-style=gnu -Wl,--as-needed  CMakeFiles/cmTC_6f010.dir/CheckFunctionExists.c.o  -o cmTC_6f010 -lpthreads 
/opt/poky/1.7/sysroots/x86_64-pokysdk-linux/usr/libexec/arm-poky-linux-gnueabi/gcc/arm-poky-linux-gnueabi/4.9.1/ld: cannot find -lpthreads
collect2: error: ld returned 1 exit status
make[2]: *** [cmTC_6f010] Error 1
make[2]: Leaving directory `/home/siasunhebo/workspace/IMUtest/cmake-build-debug/CMakeFiles/CMakeTmp'
make[1]: *** [cmTC_6f010/fast] Error 2
make[1]: Leaving directory `/home/siasunhebo/workspace/IMUtest/cmake-build-debug/CMakeFiles/CMakeTmp'


